0 verbose cli /usr/local/bin/node /usr/local/bin/npm
1 info using npm@10.9.1
2 info using node@v22.11.0
3 silly config load:file:/usr/local/lib/node_modules/npm/npmrc
4 silly config load:file:/Users/hugogarcia/Library/CloudStorage/OneDrive-AvansHogeschool/09_ORGANISMO/00_Website_Last_resorts/Cloud-Gardens/.npmrc
5 silly config load:file:/Users/hugogarcia/.npmrc
6 silly config load:file:/usr/local/etc/npmrc
7 verbose title npm install
8 verbose argv "install" "--cache" "./.npm-cache"
9 verbose logfile logs-max:10 dir:/Users/hugogarcia/Library/CloudStorage/OneDrive-AvansHogeschool/09_ORGANISMO/00_Website_Last_resorts/Cloud-Gardens/.npm-cache/_logs/2026-06-30T13_40_37_016Z-
10 verbose logfile /Users/hugogarcia/Library/CloudStorage/OneDrive-AvansHogeschool/09_ORGANISMO/00_Website_Last_resorts/Cloud-Gardens/.npm-cache/_logs/2026-06-30T13_40_37_016Z-debug-0.log
11 silly logfile done cleaning log files
12 silly packumentCache heap:2197815296 maxSize:549453824 maxEntrySize:274726912
13 silly idealTree buildDeps
14 silly reify mark retired [
14 silly reify   '/Users/hugogarcia/Library/CloudStorage/OneDrive-AvansHogeschool/09_ORGANISMO/00_Website_Last_resorts/Cloud-Gardens/node_modules/@takram/three-geospatial'
14 silly reify ]
15 silly reify moves {
15 silly reify   '/Users/hugogarcia/Library/CloudStorage/OneDrive-AvansHogeschool/09_ORGANISMO/00_Website_Last_resorts/Cloud-Gardens/node_modules/@takram/three-geospatial': '/Users/hugogarcia/Library/CloudStorage/OneDrive-AvansHogeschool/09_ORGANISMO/00_Website_Last_resorts/Cloud-Gardens/node_modules/@takram/.three-geospatial-6KtsYthu'
15 silly reify }
16 silly audit bulk request {
16 silly audit   '@babel/runtime': [ '7.29.7' ],
16 silly audit   '@esbuild/aix-ppc64': [ '0.21.5' ],
16 silly audit   '@esbuild/android-arm': [ '0.21.5' ],
16 silly audit   '@esbuild/android-arm64': [ '0.21.5' ],
16 silly audit   '@esbuild/android-x64': [ '0.21.5' ],
16 silly audit   '@esbuild/darwin-arm64': [ '0.21.5' ],
16 silly audit   '@esbuild/darwin-x64': [ '0.21.5' ],
16 silly audit   '@esbuild/freebsd-arm64': [ '0.21.5' ],
16 silly audit   '@esbuild/freebsd-x64': [ '0.21.5' ],
16 silly audit   '@esbuild/linux-arm': [ '0.21.5' ],
16 silly audit   '@esbuild/linux-arm64': [ '0.21.5' ],
16 silly audit   '@esbuild/linux-ia32': [ '0.21.5' ],
16 silly audit   '@esbuild/linux-loong64': [ '0.21.5' ],
16 silly audit   '@esbuild/linux-mips64el': [ '0.21.5' ],
16 silly audit   '@esbuild/linux-ppc64': [ '0.21.5' ],
16 silly audit   '@esbuild/linux-riscv64': [ '0.21.5' ],
16 silly audit   '@esbuild/linux-s390x': [ '0.21.5' ],
16 silly audit   '@esbuild/linux-x64': [ '0.21.5' ],
16 silly audit   '@esbuild/netbsd-x64': [ '0.21.5' ],
16 silly audit   '@esbuild/openbsd-x64': [ '0.21.5' ],
16 silly audit   '@esbuild/sunos-x64': [ '0.21.5' ],
16 silly audit   '@esbuild/win32-arm64': [ '0.21.5' ],
16 silly audit   '@esbuild/win32-ia32': [ '0.21.5' ],
16 silly audit   '@esbuild/win32-x64': [ '0.21.5' ],
16 silly audit   '@petamoriken/float16': [ '3.9.3' ],
16 silly audit   '@react-three/fiber': [ '9.6.1' ],
16 silly audit   '@rollup/rollup-android-arm-eabi': [ '4.62.2' ],
16 silly audit   '@rollup/rollup-android-arm64': [ '4.62.2' ],
16 silly audit   '@rollup/rollup-darwin-arm64': [ '4.62.2' ],
16 silly audit   '@rollup/rollup-darwin-x64': [ '4.62.2' ],
16 silly audit   '@rollup/rollup-freebsd-arm64': [ '4.62.2' ],
16 silly audit   '@rollup/rollup-freebsd-x64': [ '4.62.2' ],
16 silly audit   '@rollup/rollup-linux-arm-gnueabihf': [ '4.62.2' ],
16 silly audit   '@rollup/rollup-linux-arm-musleabihf': [ '4.62.2' ],
16 silly audit   '@rollup/rollup-linux-arm64-gnu': [ '4.62.2' ],
16 silly audit   '@rollup/rollup-linux-arm64-musl': [ '4.62.2' ],
16 silly audit   '@rollup/rollup-linux-loong64-gnu': [ '4.62.2' ],
16 silly audit   '@rollup/rollup-linux-loong64-musl': [ '4.62.2' ],
16 silly audit   '@rollup/rollup-linux-ppc64-gnu': [ '4.62.2' ],
16 silly audit   '@rollup/rollup-linux-ppc64-musl': [ '4.62.2' ],
16 silly audit   '@rollup/rollup-linux-riscv64-gnu': [ '4.62.2' ],
16 silly audit   '@rollup/rollup-linux-riscv64-musl': [ '4.62.2' ],
16 silly audit   '@rollup/rollup-linux-s390x-gnu': [ '4.62.2' ],
16 silly audit   '@rollup/rollup-linux-x64-gnu': [ '4.62.2' ],
16 silly audit   '@rollup/rollup-linux-x64-musl': [ '4.62.2' ],
16 silly audit   '@rollup/rollup-openbsd-x64': [ '4.62.2' ],
16 silly audit   '@rollup/rollup-openharmony-arm64': [ '4.62.2' ],
16 silly audit   '@rollup/rollup-win32-arm64-msvc': [ '4.62.2' ],
16 silly audit   '@rollup/rollup-win32-ia32-msvc': [ '4.62.2' ],
16 silly audit   '@rollup/rollup-win32-x64-gnu': [ '4.62.2' ],
16 silly audit   '@rollup/rollup-win32-x64-msvc': [ '4.62.2' ],
16 silly audit   '@takram/three-atmosphere': [ '0.19.1' ],
16 silly audit   '@takram/three-clouds': [ '0.7.6' ],
16 silly audit   '@takram/three-geospatial': [ '0.9.1' ],
16 silly audit   '@types/estree': [ '1.0.9' ],
16 silly audit   '@types/react': [ '19.2.17' ],
16 silly audit   '@types/react-reconciler': [ '0.28.9' ],
16 silly audit   '@types/webxr': [ '0.5.24' ],
16 silly audit   'astronomy-engine': [ '2.1.19' ],
16 silly audit   'base64-js': [ '1.5.1' ],
16 silly audit   buffer: [ '6.0.3' ],
16 silly audit   csstype: [ '3.2.3' ],
16 silly audit   esbuild: [ '0.21.5' ],
16 silly audit   fsevents: [ '2.3.3' ],
16 silly audit   ieee754: [ '1.2.1' ],
16 silly audit   'its-fine': [ '2.0.0' ],
16 silly audit   nanoid: [ '3.3.14' ],
16 silly audit   picocolors: [ '1.1.1' ],
16 silly audit   postcss: [ '8.5.15' ],
16 silly audit   postprocessing: [ '6.39.1' ],
16 silly audit   react: [ '19.2.7' ],
16 silly audit   'react-merge-refs': [ '3.0.2' ],
16 silly audit   'react-use-measure': [ '2.1.7' ],
16 silly audit   rollup: [ '4.62.2' ],
16 silly audit   scheduler: [ '0.27.0' ],
16 silly audit   'source-map-js': [ '1.2.1' ],
16 silly audit   'suspend-react': [ '0.1.3' ],
16 silly audit   'tagged-tag': [ '1.0.0' ],
16 silly audit   three: [ '0.180.0' ],
16 silly audit   'tiny-invariant': [ '1.3.3' ],
16 silly audit   'type-fest': [ '5.7.0' ],
16 silly audit   'url-join': [ '5.0.0' ],
16 silly audit   'use-sync-external-store': [ '1.6.0' ],
16 silly audit   vite: [ '5.4.21' ],
16 silly audit   zustand: [ '5.0.14' ]
16 silly audit }
17 verbose reify failed optional dependency /Users/hugogarcia/Library/CloudStorage/OneDrive-AvansHogeschool/09_ORGANISMO/00_Website_Last_resorts/Cloud-Gardens/node_modules/@rollup/rollup-win32-x64-msvc
18 silly reify mark deleted [
18 silly reify   '/Users/hugogarcia/Library/CloudStorage/OneDrive-AvansHogeschool/09_ORGANISMO/00_Website_Last_resorts/Cloud-Gardens/node_modules/@rollup/rollup-win32-x64-msvc'
18 silly reify ]
19 verbose reify failed optional dependency /Users/hugogarcia/Library/CloudStorage/OneDrive-AvansHogeschool/09_ORGANISMO/00_Website_Last_resorts/Cloud-Gardens/node_modules/@rollup/rollup-win32-x64-gnu
20 silly reify mark deleted [
20 silly reify   '/Users/hugogarcia/Library/CloudStorage/OneDrive-AvansHogeschool/09_ORGANISMO/00_Website_Last_resorts/Cloud-Gardens/node_modules/@rollup/rollup-win32-x64-gnu'
20 silly reify ]
21 verbose reify failed optional dependency /Users/hugogarcia/Library/CloudStorage/OneDrive-AvansHogeschool/09_ORGANISMO/00_Website_Last_resorts/Cloud-Gardens/node_modules/@rollup/rollup-win32-ia32-msvc
22 silly reify mark deleted [
22 silly reify   '/Users/hugogarcia/Library/CloudStorage/OneDrive-AvansHogeschool/09_ORGANISMO/00_Website_Last_resorts/Cloud-Gardens/node_modules/@rollup/rollup-win32-ia32-msvc'
22 silly reify ]
23 verbose reify failed optional dependency /Users/hugogarcia/Library/CloudStorage/OneDrive-AvansHogeschool/09_ORGANISMO/00_Website_Last_resorts/Cloud-Gardens/node_modules/@rollup/rollup-win32-arm64-msvc
24 silly reify mark deleted [
24 silly reify   '/Users/hugogarcia/Library/CloudStorage/OneDrive-AvansHogeschool/09_ORGANISMO/00_Website_Last_resorts/Cloud-Gardens/node_modules/@rollup/rollup-win32-arm64-msvc'
24 silly reify ]
25 verbose reify failed optional dependency /Users/hugogarcia/Library/CloudStorage/OneDrive-AvansHogeschool/09_ORGANISMO/00_Website_Last_resorts/Cloud-Gardens/node_modules/@rollup/rollup-openharmony-arm64
26 silly reify mark deleted [
26 silly reify   '/Users/hugogarcia/Library/CloudStorage/OneDrive-AvansHogeschool/09_ORGANISMO/00_Website_Last_resorts/Cloud-Gardens/node_modules/@rollup/rollup-openharmony-arm64'
26 silly reify ]
27 verbose reify failed optional dependency /Users/hugogarcia/Library/CloudStorage/OneDrive-AvansHogeschool/09_ORGANISMO/00_Website_Last_resorts/Cloud-Gardens/node_modules/@rollup/rollup-openbsd-x64
28 silly reify mark deleted [
28 silly reify   '/Users/hugogarcia/Library/CloudStorage/OneDrive-AvansHogeschool/09_ORGANISMO/00_Website_Last_resorts/Cloud-Gardens/node_modules/@rollup/rollup-openbsd-x64'
28 silly reify ]
29 verbose reify failed optional dependency /Users/hugogarcia/Library/CloudStorage/OneDrive-AvansHogeschool/09_ORGANISMO/00_Website_Last_resorts/Cloud-Gardens/node_modules/@rollup/rollup-linux-x64-musl
30 silly reify mark deleted [
30 silly reify   '/Users/hugogarcia/Library/CloudStorage/OneDrive-AvansHogeschool/09_ORGANISMO/00_Website_Last_resorts/Cloud-Gardens/node_modules/@rollup/rollup-linux-x64-musl'
30 silly reify ]
31 verbose reify failed optional dependency /Users/hugogarcia/Library/CloudStorage/OneDrive-AvansHogeschool/09_ORGANISMO/00_Website_Last_resorts/Cloud-Gardens/node_modules/@rollup/rollup-linux-x64-gnu
32 silly reify mark deleted [
32 silly reify   '/Users/hugogarcia/Library/CloudStorage/OneDrive-AvansHogeschool/09_ORGANISMO/00_Website_Last_resorts/Cloud-Gardens/node_modules/@rollup/rollup-linux-x64-gnu'
32 silly reify ]
33 verbose reify failed optional dependency /Users/hugogarcia/Library/CloudStorage/OneDrive-AvansHogeschool/09_ORGANISMO/00_Website_Last_resorts/Cloud-Gardens/node_modules/@rollup/rollup-linux-s390x-gnu
34 silly reify mark deleted [
34 silly reify   '/Users/hugogarcia/Library/CloudStorage/OneDrive-AvansHogeschool/09_ORGANISMO/00_Website_Last_resorts/Cloud-Gardens/node_modules/@rollup/rollup-linux-s390x-gnu'
34 silly reify ]
35 verbose reify failed optional dependency /Users/hugogarcia/Library/CloudStorage/OneDrive-AvansHogeschool/09_ORGANISMO/00_Website_Last_resorts/Cloud-Gardens/node_modules/@rollup/rollup-linux-riscv64-musl
36 silly reify mark deleted [
36 silly reify   '/Users/hugogarcia/Library/CloudStorage/OneDrive-AvansHogeschool/09_ORGANISMO/00_Website_Last_resorts/Cloud-Gardens/node_modules/@rollup/rollup-linux-riscv64-musl'
36 silly reify ]
37 verbose reify failed optional dependency /Users/hugogarcia/Library/CloudStorage/OneDrive-AvansHogeschool/09_ORGANISMO/00_Website_Last_resorts/Cloud-Gardens/node_modules/@rollup/rollup-linux-riscv64-gnu
38 silly reify mark deleted [
38 silly reify   '/Users/hugogarcia/Library/CloudStorage/OneDrive-AvansHogeschool/09_ORGANISMO/00_Website_Last_resorts/Cloud-Gardens/node_modules/@rollup/rollup-linux-riscv64-gnu'
38 silly reify ]
39 verbose reify failed optional dependency /Users/hugogarcia/Library/CloudStorage/OneDrive-AvansHogeschool/09_ORGANISMO/00_Website_Last_resorts/Cloud-Gardens/node_modules/@rollup/rollup-linux-ppc64-musl
40 silly reify mark deleted [
40 silly reify   '/Users/hugogarcia/Library/CloudStorage/OneDrive-AvansHogeschool/09_ORGANISMO/00_Website_Last_resorts/Cloud-Gardens/node_modules/@rollup/rollup-linux-ppc64-musl'
40 silly reify ]
41 verbose reify failed optional dependency /Users/hugogarcia/Library/CloudStorage/OneDrive-AvansHogeschool/09_ORGANISMO/00_Website_Last_resorts/Cloud-Gardens/node_modules/@rollup/rollup-linux-ppc64-gnu
42 silly reify mark deleted [
42 silly reify   '/Users/hugogarcia/Library/CloudStorage/OneDrive-AvansHogeschool/09_ORGANISMO/00_Website_Last_resorts/Cloud-Gardens/node_modules/@rollup/rollup-linux-ppc64-gnu'
42 silly reify ]
43 verbose reify failed optional dependency /Users/hugogarcia/Library/CloudStorage/OneDrive-AvansHogeschool/09_ORGANISMO/00_Website_Last_resorts/Cloud-Gardens/node_modules/@rollup/rollup-linux-loong64-musl
44 silly reify mark deleted [
44 silly reify   '/Users/hugogarcia/Library/CloudStorage/OneDrive-AvansHogeschool/09_ORGANISMO/00_Website_Last_resorts/Cloud-Gardens/node_modules/@rollup/rollup-linux-loong64-musl'
44 silly reify ]
45 verbose reify failed optional dependency /Users/hugogarcia/Library/CloudStorage/OneDrive-AvansHogeschool/09_ORGANISMO/00_Website_Last_resorts/Cloud-Gardens/node_modules/@rollup/rollup-linux-loong64-gnu
46 silly reify mark deleted [
46 silly reify   '/Users/hugogarcia/Library/CloudStorage/OneDrive-AvansHogeschool/09_ORGANISMO/00_Website_Last_resorts/Cloud-Gardens/node_modules/@rollup/rollup-linux-loong64-gnu'
46 silly reify ]
47 verbose reify failed optional dependency /Users/hugogarcia/Library/CloudStorage/OneDrive-AvansHogeschool/09_ORGANISMO/00_Website_Last_resorts/Cloud-Gardens/node_modules/@rollup/rollup-linux-arm64-musl
48 silly reify mark deleted [
48 silly reify   '/Users/hugogarcia/Library/CloudStorage/OneDrive-AvansHogeschool/09_ORGANISMO/00_Website_Last_resorts/Cloud-Gardens/node_modules/@rollup/rollup-linux-arm64-musl'
48 silly reify ]
49 verbose reify failed optional dependency /Users/hugogarcia/Library/CloudStorage/OneDrive-AvansHogeschool/09_ORGANISMO/00_Website_Last_resorts/Cloud-Gardens/node_modules/@rollup/rollup-linux-arm64-gnu
50 silly reify mark deleted [
50 silly reify   '/Users/hugogarcia/Library/CloudStorage/OneDrive-AvansHogeschool/09_ORGANISMO/00_Website_Last_resorts/Cloud-Gardens/node_modules/@rollup/rollup-linux-arm64-gnu'
50 silly reify ]
51 verbose reify failed optional dependency /Users/hugogarcia/Library/CloudStorage/OneDrive-AvansHogeschool/09_ORGANISMO/00_Website_Last_resorts/Cloud-Gardens/node_modules/@rollup/rollup-linux-arm-musleabihf
52 silly reify mark deleted [
52 silly reify   '/Users/hugogarcia/Library/CloudStorage/OneDrive-AvansHogeschool/09_ORGANISMO/00_Website_Last_resorts/Cloud-Gardens/node_modules/@rollup/rollup-linux-arm-musleabihf'
52 silly reify ]
53 verbose reify failed optional dependency /Users/hugogarcia/Library/CloudStorage/OneDrive-AvansHogeschool/09_ORGANISMO/00_Website_Last_resorts/Cloud-Gardens/node_modules/@rollup/rollup-linux-arm-gnueabihf
54 silly reify mark deleted [
54 silly reify   '/Users/hugogarcia/Library/CloudStorage/OneDrive-AvansHogeschool/09_ORGANISMO/00_Website_Last_resorts/Cloud-Gardens/node_modules/@rollup/rollup-linux-arm-gnueabihf'
54 silly reify ]
55 verbose reify failed optional dependency /Users/hugogarcia/Library/CloudStorage/OneDrive-AvansHogeschool/09_ORGANISMO/00_Website_Last_resorts/Cloud-Gardens/node_modules/@rollup/rollup-freebsd-x64
56 silly reify mark deleted [
56 silly reify   '/Users/hugogarcia/Library/CloudStorage/OneDrive-AvansHogeschool/09_ORGANISMO/00_Website_Last_resorts/Cloud-Gardens/node_modules/@rollup/rollup-freebsd-x64'
56 silly reify ]
57 verbose reify failed optional dependency /Users/hugogarcia/Library/CloudStorage/OneDrive-AvansHogeschool/09_ORGANISMO/00_Website_Last_resorts/Cloud-Gardens/node_modules/@rollup/rollup-freebsd-arm64
58 silly reify mark deleted [
58 silly reify   '/Users/hugogarcia/Library/CloudStorage/OneDrive-AvansHogeschool/09_ORGANISMO/00_Website_Last_resorts/Cloud-Gardens/node_modules/@rollup/rollup-freebsd-arm64'
58 silly reify ]
59 verbose reify failed optional dependency /Users/hugogarcia/Library/CloudStorage/OneDrive-AvansHogeschool/09_ORGANISMO/00_Website_Last_resorts/Cloud-Gardens/node_modules/@rollup/rollup-darwin-x64
60 silly reify mark deleted [
60 silly reify   '/Users/hugogarcia/Library/CloudStorage/OneDrive-AvansHogeschool/09_ORGANISMO/00_Website_Last_resorts/Cloud-Gardens/node_modules/@rollup/rollup-darwin-x64'
60 silly reify ]
61 verbose reify failed optional dependency /Users/hugogarcia/Library/CloudStorage/OneDrive-AvansHogeschool/09_ORGANISMO/00_Website_Last_resorts/Cloud-Gardens/node_modules/@rollup/rollup-android-arm64
62 silly reify mark deleted [
62 silly reify   '/Users/hugogarcia/Library/CloudStorage/OneDrive-AvansHogeschool/09_ORGANISMO/00_Website_Last_resorts/Cloud-Gardens/node_modules/@rollup/rollup-android-arm64'
62 silly reify ]
63 verbose reify failed optional dependency /Users/hugogarcia/Library/CloudStorage/OneDrive-AvansHogeschool/09_ORGANISMO/00_Website_Last_resorts/Cloud-Gardens/node_modules/@rollup/rollup-android-arm-eabi
64 silly reify mark deleted [
64 silly reify   '/Users/hugogarcia/Library/CloudStorage/OneDrive-AvansHogeschool/09_ORGANISMO/00_Website_Last_resorts/Cloud-Gardens/node_modules/@rollup/rollup-android-arm-eabi'
64 silly reify ]
65 verbose reify failed optional dependency /Users/hugogarcia/Library/CloudStorage/OneDrive-AvansHogeschool/09_ORGANISMO/00_Website_Last_resorts/Cloud-Gardens/node_modules/@esbuild/win32-x64
66 silly reify mark deleted [
66 silly reify   '/Users/hugogarcia/Library/CloudStorage/OneDrive-AvansHogeschool/09_ORGANISMO/00_Website_Last_resorts/Cloud-Gardens/node_modules/@esbuild/win32-x64'
66 silly reify ]
67 verbose reify failed optional dependency /Users/hugogarcia/Library/CloudStorage/OneDrive-AvansHogeschool/09_ORGANISMO/00_Website_Last_resorts/Cloud-Gardens/node_modules/@esbuild/win32-ia32
68 silly reify mark deleted [
68 silly reify   '/Users/hugogarcia/Library/CloudStorage/OneDrive-AvansHogeschool/09_ORGANISMO/00_Website_Last_resorts/Cloud-Gardens/node_modules/@esbuild/win32-ia32'
68 silly reify ]
69 verbose reify failed optional dependency /Users/hugogarcia/Library/CloudStorage/OneDrive-AvansHogeschool/09_ORGANISMO/00_Website_Last_resorts/Cloud-Gardens/node_modules/@esbuild/win32-arm64
70 silly reify mark deleted [
70 silly reify   '/Users/hugogarcia/Library/CloudStorage/OneDrive-AvansHogeschool/09_ORGANISMO/00_Website_Last_resorts/Cloud-Gardens/node_modules/@esbuild/win32-arm64'
70 silly reify ]
71 verbose reify failed optional dependency /Users/hugogarcia/Library/CloudStorage/OneDrive-AvansHogeschool/09_ORGANISMO/00_Website_Last_resorts/Cloud-Gardens/node_modules/@esbuild/sunos-x64
72 silly reify mark deleted [
72 silly reify   '/Users/hugogarcia/Library/CloudStorage/OneDrive-AvansHogeschool/09_ORGANISMO/00_Website_Last_resorts/Cloud-Gardens/node_modules/@esbuild/sunos-x64'
72 silly reify ]
73 verbose reify failed optional dependency /Users/hugogarcia/Library/CloudStorage/OneDrive-AvansHogeschool/09_ORGANISMO/00_Website_Last_resorts/Cloud-Gardens/node_modules/@esbuild/openbsd-x64
74 silly reify mark deleted [
74 silly reify   '/Users/hugogarcia/Library/CloudStorage/OneDrive-AvansHogeschool/09_ORGANISMO/00_Website_Last_resorts/Cloud-Gardens/node_modules/@esbuild/openbsd-x64'
74 silly reify ]
75 verbose reify failed optional dependency /Users/hugogarcia/Library/CloudStorage/OneDrive-AvansHogeschool/09_ORGANISMO/00_Website_Last_resorts/Cloud-Gardens/node_modules/@esbuild/netbsd-x64
76 silly reify mark deleted [
76 silly reify   '/Users/hugogarcia/Library/CloudStorage/OneDrive-AvansHogeschool/09_ORGANISMO/00_Website_Last_resorts/Cloud-Gardens/node_modules/@esbuild/netbsd-x64'
76 silly reify ]
77 verbose reify failed optional dependency /Users/hugogarcia/Library/CloudStorage/OneDrive-AvansHogeschool/09_ORGANISMO/00_Website_Last_resorts/Cloud-Gardens/node_modules/@esbuild/linux-x64
78 silly reify mark deleted [
78 silly reify   '/Users/hugogarcia/Library/CloudStorage/OneDrive-AvansHogeschool/09_ORGANISMO/00_Website_Last_resorts/Cloud-Gardens/node_modules/@esbuild/linux-x64'
78 silly reify ]
79 verbose reify failed optional dependency /Users/hugogarcia/Library/CloudStorage/OneDrive-AvansHogeschool/09_ORGANISMO/00_Website_Last_resorts/Cloud-Gardens/node_modules/@esbuild/linux-s390x
80 silly reify mark deleted [
80 silly reify   '/Users/hugogarcia/Library/CloudStorage/OneDrive-AvansHogeschool/09_ORGANISMO/00_Website_Last_resorts/Cloud-Gardens/node_modules/@esbuild/linux-s390x'
80 silly reify ]
81 verbose reify failed optional dependency /Users/hugogarcia/Library/CloudStorage/OneDrive-AvansHogeschool/09_ORGANISMO/00_Website_Last_resorts/Cloud-Gardens/node_modules/@esbuild/linux-riscv64
82 silly reify mark deleted [
82 silly reify   '/Users/hugogarcia/Library/CloudStorage/OneDrive-AvansHogeschool/09_ORGANISMO/00_Website_Last_resorts/Cloud-Gardens/node_modules/@esbuild/linux-riscv64'
82 silly reify ]
83 verbose reify failed optional dependency /Users/hugogarcia/Library/CloudStorage/OneDrive-AvansHogeschool/09_ORGANISMO/00_Website_Last_resorts/Cloud-Gardens/node_modules/@esbuild/linux-ppc64
84 silly reify mark deleted [
84 silly reify   '/Users/hugogarcia/Library/CloudStorage/OneDrive-AvansHogeschool/09_ORGANISMO/00_Website_Last_resorts/Cloud-Gardens/node_modules/@esbuild/linux-ppc64'
84 silly reify ]
85 verbose reify failed optional dependency /Users/hugogarcia/Library/CloudStorage/OneDrive-AvansHogeschool/09_ORGANISMO/00_Website_Last_resorts/Cloud-Gardens/node_modules/@esbuild/linux-mips64el
86 silly reify mark deleted [
86 silly reify   '/Users/hugogarcia/Library/CloudStorage/OneDrive-AvansHogeschool/09_ORGANISMO/00_Website_Last_resorts/Cloud-Gardens/node_modules/@esbuild/linux-mips64el'
86 silly reify ]
87 verbose reify failed optional dependency /Users/hugogarcia/Library/CloudStorage/OneDrive-AvansHogeschool/09_ORGANISMO/00_Website_Last_resorts/Cloud-Gardens/node_modules/@esbuild/linux-loong64
88 silly reify mark deleted [
88 silly reify   '/Users/hugogarcia/Library/CloudStorage/OneDrive-AvansHogeschool/09_ORGANISMO/00_Website_Last_resorts/Cloud-Gardens/node_modules/@esbuild/linux-loong64'
88 silly reify ]
89 verbose reify failed optional dependency /Users/hugogarcia/Library/CloudStorage/OneDrive-AvansHogeschool/09_ORGANISMO/00_Website_Last_resorts/Cloud-Gardens/node_modules/@esbuild/linux-ia32
90 silly reify mark deleted [
90 silly reify   '/Users/hugogarcia/Library/CloudStorage/OneDrive-AvansHogeschool/09_ORGANISMO/00_Website_Last_resorts/Cloud-Gardens/node_modules/@esbuild/linux-ia32'
90 silly reify ]
91 verbose reify failed optional dependency /Users/hugogarcia/Library/CloudStorage/OneDrive-AvansHogeschool/09_ORGANISMO/00_Website_Last_resorts/Cloud-Gardens/node_modules/@esbuild/linux-arm64
92 silly reify mark deleted [
92 silly reify   '/Users/hugogarcia/Library/CloudStorage/OneDrive-AvansHogeschool/09_ORGANISMO/00_Website_Last_resorts/Cloud-Gardens/node_modules/@esbuild/linux-arm64'
92 silly reify ]
93 verbose reify failed optional dependency /Users/hugogarcia/Library/CloudStorage/OneDrive-AvansHogeschool/09_ORGANISMO/00_Website_Last_resorts/Cloud-Gardens/node_modules/@esbuild/linux-arm
94 silly reify mark deleted [
94 silly reify   '/Users/hugogarcia/Library/CloudStorage/OneDrive-AvansHogeschool/09_ORGANISMO/00_Website_Last_resorts/Cloud-Gardens/node_modules/@esbuild/linux-arm'
94 silly reify ]
95 verbose reify failed optional dependency /Users/hugogarcia/Library/CloudStorage/OneDrive-AvansHogeschool/09_ORGANISMO/00_Website_Last_resorts/Cloud-Gardens/node_modules/@esbuild/freebsd-x64
96 silly reify mark deleted [
96 silly reify   '/Users/hugogarcia/Library/CloudStorage/OneDrive-AvansHogeschool/09_ORGANISMO/00_Website_Last_resorts/Cloud-Gardens/node_modules/@esbuild/freebsd-x64'
96 silly reify ]
97 verbose reify failed optional dependency /Users/hugogarcia/Library/CloudStorage/OneDrive-AvansHogeschool/09_ORGANISMO/00_Website_Last_resorts/Cloud-Gardens/node_modules/@esbuild/freebsd-arm64
98 silly reify mark deleted [
98 silly reify   '/Users/hugogarcia/Library/CloudStorage/OneDrive-AvansHogeschool/09_ORGANISMO/00_Website_Last_resorts/Cloud-Gardens/node_modules/@esbuild/freebsd-arm64'
98 silly reify ]
99 verbose reify failed optional dependency /Users/hugogarcia/Library/CloudStorage/OneDrive-AvansHogeschool/09_ORGANISMO/00_Website_Last_resorts/Cloud-Gardens/node_modules/@esbuild/darwin-x64
100 silly reify mark deleted [
100 silly reify   '/Users/hugogarcia/Library/CloudStorage/OneDrive-AvansHogeschool/09_ORGANISMO/00_Website_Last_resorts/Cloud-Gardens/node_modules/@esbuild/darwin-x64'
100 silly reify ]
101 verbose reify failed optional dependency /Users/hugogarcia/Library/CloudStorage/OneDrive-AvansHogeschool/09_ORGANISMO/00_Website_Last_resorts/Cloud-Gardens/node_modules/@esbuild/android-x64
102 silly reify mark deleted [
102 silly reify   '/Users/hugogarcia/Library/CloudStorage/OneDrive-AvansHogeschool/09_ORGANISMO/00_Website_Last_resorts/Cloud-Gardens/node_modules/@esbuild/android-x64'
102 silly reify ]
103 verbose reify failed optional dependency /Users/hugogarcia/Library/CloudStorage/OneDrive-AvansHogeschool/09_ORGANISMO/00_Website_Last_resorts/Cloud-Gardens/node_modules/@esbuild/android-arm64
104 silly reify mark deleted [
104 silly reify   '/Users/hugogarcia/Library/CloudStorage/OneDrive-AvansHogeschool/09_ORGANISMO/00_Website_Last_resorts/Cloud-Gardens/node_modules/@esbuild/android-arm64'
104 silly reify ]
105 verbose reify failed optional dependency /Users/hugogarcia/Library/CloudStorage/OneDrive-AvansHogeschool/09_ORGANISMO/00_Website_Last_resorts/Cloud-Gardens/node_modules/@esbuild/android-arm
106 silly reify mark deleted [
106 silly reify   '/Users/hugogarcia/Library/CloudStorage/OneDrive-AvansHogeschool/09_ORGANISMO/00_Website_Last_resorts/Cloud-Gardens/node_modules/@esbuild/android-arm'
106 silly reify ]
107 verbose reify failed optional dependency /Users/hugogarcia/Library/CloudStorage/OneDrive-AvansHogeschool/09_ORGANISMO/00_Website_Last_resorts/Cloud-Gardens/node_modules/@esbuild/aix-ppc64
108 silly reify mark deleted [
108 silly reify   '/Users/hugogarcia/Library/CloudStorage/OneDrive-AvansHogeschool/09_ORGANISMO/00_Website_Last_resorts/Cloud-Gardens/node_modules/@esbuild/aix-ppc64'
108 silly reify ]
109 http cache vite@https://registry.npmjs.org/vite/-/vite-5.4.21.tgz 0ms (cache hit)
110 http cache type-fest@https://registry.npmjs.org/type-fest/-/type-fest-5.7.0.tgz 0ms (cache hit)
111 http cache url-join@https://registry.npmjs.org/url-join/-/url-join-5.0.0.tgz 0ms (cache hit)
112 http cache use-sync-external-store@https://registry.npmjs.org/use-sync-external-store/-/use-sync-external-store-1.6.0.tgz 0ms (cache hit)
113 http cache three@https://registry.npmjs.org/three/-/three-0.180.0.tgz 0ms (cache hit)
114 http cache tagged-tag@https://registry.npmjs.org/tagged-tag/-/tagged-tag-1.0.0.tgz 0ms (cache hit)
115 http cache suspend-react@https://registry.npmjs.org/suspend-react/-/suspend-react-0.1.3.tgz 0ms (cache hit)
116 http cache tiny-invariant@https://registry.npmjs.org/tiny-invariant/-/tiny-invariant-1.3.3.tgz 0ms (cache hit)
117 http cache scheduler@https://registry.npmjs.org/scheduler/-/scheduler-0.27.0.tgz 0ms (cache hit)
118 http cache zustand@https://registry.npmjs.org/zustand/-/zustand-5.0.14.tgz 0ms (cache hit)
119 http cache rollup@https://registry.npmjs.org/rollup/-/rollup-4.62.2.tgz 0ms (cache hit)
120 http cache react-use-measure@https://registry.npmjs.org/react-use-measure/-/react-use-measure-2.1.7.tgz 0ms (cache hit)
121 http cache react-merge-refs@https://registry.npmjs.org/react-merge-refs/-/react-merge-refs-3.0.2.tgz 0ms (cache hit)
122 http cache react@https://registry.npmjs.org/react/-/react-19.2.7.tgz 0ms (cache hit)
123 http cache postprocessing@https://registry.npmjs.org/postprocessing/-/postprocessing-6.39.1.tgz 0ms (cache hit)
124 http cache postcss@https://registry.npmjs.org/postcss/-/postcss-8.5.15.tgz 0ms (cache hit)
125 http cache picocolors@https://registry.npmjs.org/picocolors/-/picocolors-1.1.1.tgz 0ms (cache hit)
126 http cache nanoid@https://registry.npmjs.org/nanoid/-/nanoid-3.3.14.tgz 0ms (cache hit)
127 http cache its-fine@https://registry.npmjs.org/its-fine/-/its-fine-2.0.0.tgz 0ms (cache hit)
128 http cache ieee754@https://registry.npmjs.org/ieee754/-/ieee754-1.2.1.tgz 0ms (cache hit)
129 http cache fsevents@https://registry.npmjs.org/fsevents/-/fsevents-2.3.3.tgz 0ms (cache hit)
130 http cache esbuild@https://registry.npmjs.org/esbuild/-/esbuild-0.21.5.tgz 0ms (cache hit)
131 http cache csstype@https://registry.npmjs.org/csstype/-/csstype-3.2.3.tgz 0ms (cache hit)
132 http cache buffer@https://registry.npmjs.org/buffer/-/buffer-6.0.3.tgz 0ms (cache hit)
133 http cache source-map-js@https://registry.npmjs.org/source-map-js/-/source-map-js-1.2.1.tgz 0ms (cache hit)
134 http cache astronomy-engine@https://registry.npmjs.org/astronomy-engine/-/astronomy-engine-2.1.19.tgz 0ms (cache hit)
135 http cache @types/webxr@https://registry.npmjs.org/@types/webxr/-/webxr-0.5.24.tgz 0ms (cache hit)
136 http cache @types/react-reconciler@https://registry.npmjs.org/@types/react-reconciler/-/react-reconciler-0.28.9.tgz 0ms (cache hit)
137 http cache @types/react@https://registry.npmjs.org/@types/react/-/react-19.2.17.tgz 0ms (cache hit)
138 http cache @types/estree@https://registry.npmjs.org/@types/estree/-/estree-1.0.9.tgz 0ms (cache hit)
139 http cache @takram/three-clouds@https://registry.npmjs.org/@takram/three-clouds/-/three-clouds-0.7.6.tgz 0ms (cache hit)
140 http cache @takram/three-atmosphere@https://registry.npmjs.org/@takram/three-atmosphere/-/three-atmosphere-0.19.1.tgz 0ms (cache hit)
141 http cache @rollup/rollup-darwin-arm64@https://registry.npmjs.org/@rollup/rollup-darwin-arm64/-/rollup-darwin-arm64-4.62.2.tgz 0ms (cache hit)
142 http cache @react-three/fiber@https://registry.npmjs.org/@react-three/fiber/-/fiber-9.6.1.tgz 0ms (cache hit)
143 http cache base64-js@https://registry.npmjs.org/base64-js/-/base64-js-1.5.1.tgz 0ms (cache hit)
144 http cache @babel/runtime@https://registry.npmjs.org/@babel/runtime/-/runtime-7.29.7.tgz 0ms (cache hit)
145 http cache @esbuild/darwin-arm64@https://registry.npmjs.org/@esbuild/darwin-arm64/-/darwin-arm64-0.21.5.tgz 0ms (cache hit)
146 http cache @takram/three-geospatial@https://registry.npmjs.org/@takram/three-geospatial/-/three-geospatial-0.9.1.tgz 0ms (cache hit)
147 http cache @petamoriken/float16@https://registry.npmjs.org/@petamoriken/float16/-/float16-3.9.3.tgz 0ms (cache hit)
148 silly tarball no local data for vite@https://registry.npmjs.org/vite/-/vite-5.4.21.tgz. Extracting by manifest.
149 silly tarball no local data for type-fest@https://registry.npmjs.org/type-fest/-/type-fest-5.7.0.tgz. Extracting by manifest.
150 silly tarball no local data for url-join@https://registry.npmjs.org/url-join/-/url-join-5.0.0.tgz. Extracting by manifest.
151 silly tarball no local data for use-sync-external-store@https://registry.npmjs.org/use-sync-external-store/-/use-sync-external-store-1.6.0.tgz. Extracting by manifest.
152 silly tarball no local data for three@https://registry.npmjs.org/three/-/three-0.180.0.tgz. Extracting by manifest.
153 silly tarball no local data for tagged-tag@https://registry.npmjs.org/tagged-tag/-/tagged-tag-1.0.0.tgz. Extracting by manifest.
154 silly tarball no local data for suspend-react@https://registry.npmjs.org/suspend-react/-/suspend-react-0.1.3.tgz. Extracting by manifest.
155 silly tarball no local data for tiny-invariant@https://registry.npmjs.org/tiny-invariant/-/tiny-invariant-1.3.3.tgz. Extracting by manifest.
156 silly tarball no local data for scheduler@https://registry.npmjs.org/scheduler/-/scheduler-0.27.0.tgz. Extracting by manifest.
157 silly tarball no local data for zustand@https://registry.npmjs.org/zustand/-/zustand-5.0.14.tgz. Extracting by manifest.
158 silly tarball no local data for rollup@https://registry.npmjs.org/rollup/-/rollup-4.62.2.tgz. Extracting by manifest.
159 silly tarball no local data for react-use-measure@https://registry.npmjs.org/react-use-measure/-/react-use-measure-2.1.7.tgz. Extracting by manifest.
160 silly tarball no local data for react-merge-refs@https://registry.npmjs.org/react-merge-refs/-/react-merge-refs-3.0.2.tgz. Extracting by manifest.
161 silly tarball no local data for react@https://registry.npmjs.org/react/-/react-19.2.7.tgz. Extracting by manifest.
162 silly tarball no local data for postprocessing@https://registry.npmjs.org/postprocessing/-/postprocessing-6.39.1.tgz. Extracting by manifest.
163 silly tarball no local data for postcss@https://registry.npmjs.org/postcss/-/postcss-8.5.15.tgz. Extracting by manifest.
164 silly tarball no local data for picocolors@https://registry.npmjs.org/picocolors/-/picocolors-1.1.1.tgz. Extracting by manifest.
165 silly tarball no local data for nanoid@https://registry.npmjs.org/nanoid/-/nanoid-3.3.14.tgz. Extracting by manifest.
166 silly tarball no local data for its-fine@https://registry.npmjs.org/its-fine/-/its-fine-2.0.0.tgz. Extracting by manifest.
167 silly tarball no local data for ieee754@https://registry.npmjs.org/ieee754/-/ieee754-1.2.1.tgz. Extracting by manifest.
168 silly tarball no local data for fsevents@https://registry.npmjs.org/fsevents/-/fsevents-2.3.3.tgz. Extracting by manifest.
169 silly tarball no local data for esbuild@https://registry.npmjs.org/esbuild/-/esbuild-0.21.5.tgz. Extracting by manifest.
170 silly tarball no local data for csstype@https://registry.npmjs.org/csstype/-/csstype-3.2.3.tgz. Extracting by manifest.
171 silly tarball no local data for buffer@https://registry.npmjs.org/buffer/-/buffer-6.0.3.tgz. Extracting by manifest.
172 silly tarball no local data for source-map-js@https://registry.npmjs.org/source-map-js/-/source-map-js-1.2.1.tgz. Extracting by manifest.
173 silly tarball no local data for astronomy-engine@https://registry.npmjs.org/astronomy-engine/-/astronomy-engine-2.1.19.tgz. Extracting by manifest.
174 silly tarball no local data for @types/webxr@https://registry.npmjs.org/@types/webxr/-/webxr-0.5.24.tgz. Extracting by manifest.
175 silly tarball no local data for @types/react-reconciler@https://registry.npmjs.org/@types/react-reconciler/-/react-reconciler-0.28.9.tgz. Extracting by manifest.
176 silly tarball no local data for @types/react@https://registry.npmjs.org/@types/react/-/react-19.2.17.tgz. Extracting by manifest.
177 silly tarball no local data for @types/estree@https://registry.npmjs.org/@types/estree/-/estree-1.0.9.tgz. Extracting by manifest.
178 silly tarball no local data for @takram/three-clouds@https://registry.npmjs.org/@takram/three-clouds/-/three-clouds-0.7.6.tgz. Extracting by manifest.
179 silly tarball no local data for @takram/three-atmosphere@https://registry.npmjs.org/@takram/three-atmosphere/-/three-atmosphere-0.19.1.tgz. Extracting by manifest.
180 silly tarball no local data for @rollup/rollup-darwin-arm64@https://registry.npmjs.org/@rollup/rollup-darwin-arm64/-/rollup-darwin-arm64-4.62.2.tgz. Extracting by manifest.
181 silly tarball no local data for @react-three/fiber@https://registry.npmjs.org/@react-three/fiber/-/fiber-9.6.1.tgz. Extracting by manifest.
182 silly tarball no local data for base64-js@https://registry.npmjs.org/base64-js/-/base64-js-1.5.1.tgz. Extracting by manifest.
183 silly tarball no local data for @babel/runtime@https://registry.npmjs.org/@babel/runtime/-/runtime-7.29.7.tgz. Extracting by manifest.
184 silly tarball no local data for @esbuild/darwin-arm64@https://registry.npmjs.org/@esbuild/darwin-arm64/-/darwin-arm64-0.21.5.tgz. Extracting by manifest.
185 silly tarball no local data for @takram/three-geospatial@https://registry.npmjs.org/@takram/three-geospatial/-/three-geospatial-0.9.1.tgz. Extracting by manifest.
186 silly tarball no local data for @petamoriken/float16@https://registry.npmjs.org/@petamoriken/float16/-/float16-3.9.3.tgz. Extracting by manifest.
187 http fetch GET 200 https://registry.npmjs.org/tiny-invariant/-/tiny-invariant-1.3.3.tgz 242ms (cache miss)
188 http fetch GET 200 https://registry.npmjs.org/react-merge-refs/-/react-merge-refs-3.0.2.tgz 278ms (cache miss)
189 http fetch GET 200 https://registry.npmjs.org/url-join/-/url-join-5.0.0.tgz 281ms (cache miss)
190 http fetch GET 200 https://registry.npmjs.org/suspend-react/-/suspend-react-0.1.3.tgz 280ms (cache miss)
191 http fetch GET 200 https://registry.npmjs.org/tagged-tag/-/tagged-tag-1.0.0.tgz 284ms (cache miss)
192 http fetch GET 200 https://registry.npmjs.org/use-sync-external-store/-/use-sync-external-store-1.6.0.tgz 286ms (cache miss)
193 http fetch GET 200 https://registry.npmjs.org/react-use-measure/-/react-use-measure-2.1.7.tgz 285ms (cache miss)
194 http fetch GET 200 https://registry.npmjs.org/scheduler/-/scheduler-0.27.0.tgz 286ms (cache miss)
195 http fetch GET 200 https://registry.npmjs.org/react/-/react-19.2.7.tgz 304ms (cache miss)
196 http fetch GET 200 https://registry.npmjs.org/zustand/-/zustand-5.0.14.tgz 316ms (cache miss)
197 http fetch GET 200 https://registry.npmjs.org/ieee754/-/ieee754-1.2.1.tgz 324ms (cache miss)
198 http fetch GET 200 https://registry.npmjs.org/picocolors/-/picocolors-1.1.1.tgz 327ms (cache miss)
199 http fetch GET 200 https://registry.npmjs.org/nanoid/-/nanoid-3.3.14.tgz 331ms (cache miss)
200 http fetch GET 200 https://registry.npmjs.org/its-fine/-/its-fine-2.0.0.tgz 332ms (cache miss)
201 http fetch GET 200 https://registry.npmjs.org/esbuild/-/esbuild-0.21.5.tgz 339ms (cache miss)
202 http fetch GET 200 https://registry.npmjs.org/fsevents/-/fsevents-2.3.3.tgz 344ms (cache miss)
203 http fetch GET 200 https://registry.npmjs.org/npm 424ms
204 http fetch POST 200 https://registry.npmjs.org/-/npm/v1/security/advisories/bulk 400ms
205 silly audit report {
205 silly audit report   esbuild: [
205 silly audit report     {
205 silly audit report       id: 1102341,
205 silly audit report       url: 'https://github.com/advisories/GHSA-67mh-4wv8-2f99',
205 silly audit report       title: 'esbuild enables any website to send any requests to the development server and read the response',
205 silly audit report       severity: 'moderate',
205 silly audit report       vulnerable_versions: '<=0.24.2',
205 silly audit report       cwe: [Array],
205 silly audit report       cvss: [Object]
205 silly audit report     }
205 silly audit report   ],
205 silly audit report   vite: [
205 silly audit report     {
205 silly audit report       id: 1120784,
205 silly audit report       url: 'https://github.com/advisories/GHSA-v6wh-96g9-6wx3',
205 silly audit report       title: 'launch-editor: NTLMv2 hash disclosure via UNC path handling on Windows',
205 silly audit report       severity: 'moderate',
205 silly audit report       vulnerable_versions: '<=6.4.2',
205 silly audit report       cwe: [Array],
205 silly audit report       cvss: [Object]
205 silly audit report     },
205 silly audit report     {
205 silly audit report       id: 1120789,
205 silly audit report       url: 'https://github.com/advisories/GHSA-fx2h-pf6j-xcff',
205 silly audit report       title: 'vite: `server.fs.deny` bypass on Windows alternate paths',
205 silly audit report       severity: 'high',
205 silly audit report       vulnerable_versions: '<=6.4.2',
205 silly audit report       cwe: [Array],
205 silly audit report       cvss: [Object]
205 silly audit report     },
205 silly audit report     {
205 silly audit report       id: 1116229,
205 silly audit report       url: 'https://github.com/advisories/GHSA-4w7w-66w2-5vf9',
205 silly audit report       title: 'Vite Vulnerable to Path Traversal in Optimized Deps `.map` Handling',
205 silly audit report       severity: 'moderate',
205 silly audit report       vulnerable_versions: '<=6.4.1',
205 silly audit report       cwe: [Array],
205 silly audit report       cvss: [Object]
205 silly audit report     }
205 silly audit report   ]
205 silly audit report }
206 silly packumentCache corgi:https://registry.npmjs.org/esbuild cache-miss
207 silly packumentCache corgi:https://registry.npmjs.org/vite cache-miss
208 http fetch GET 200 https://registry.npmjs.org/@types/webxr/-/webxr-0.5.24.tgz 390ms (cache miss)
209 http fetch GET 200 https://registry.npmjs.org/@types/estree/-/estree-1.0.9.tgz 393ms (cache miss)
210 http fetch GET 200 https://registry.npmjs.org/@types/react-reconciler/-/react-reconciler-0.28.9.tgz 395ms (cache miss)
211 http fetch GET 200 https://registry.npmjs.org/postcss/-/postcss-8.5.15.tgz 399ms (cache miss)
212 http fetch GET 200 https://registry.npmjs.org/buffer/-/buffer-6.0.3.tgz 400ms (cache miss)
213 http fetch GET 200 https://registry.npmjs.org/source-map-js/-/source-map-js-1.2.1.tgz 412ms (cache miss)
214 http fetch GET 200 https://registry.npmjs.org/csstype/-/csstype-3.2.3.tgz 417ms (cache miss)
215 http fetch GET 200 https://registry.npmjs.org/@types/react/-/react-19.2.17.tgz 420ms (cache miss)
216 http fetch GET 200 https://registry.npmjs.org/vite/-/vite-5.4.21.tgz 431ms (cache miss)
217 http fetch GET 200 https://registry.npmjs.org/rollup/-/rollup-4.62.2.tgz 432ms (cache miss)
218 http fetch GET 200 https://registry.npmjs.org/base64-js/-/base64-js-1.5.1.tgz 437ms (cache miss)
219 http fetch GET 200 https://registry.npmjs.org/type-fest/-/type-fest-5.7.0.tgz 452ms (cache miss)
220 http fetch GET 200 https://registry.npmjs.org/postprocessing/-/postprocessing-6.39.1.tgz 467ms (cache miss)
221 http fetch GET 200 https://registry.npmjs.org/@petamoriken/float16/-/float16-3.9.3.tgz 492ms (cache miss)
222 http fetch GET 200 https://registry.npmjs.org/@rollup/rollup-darwin-arm64/-/rollup-darwin-arm64-4.62.2.tgz 499ms (cache miss)
223 http fetch GET 200 https://registry.npmjs.org/@babel/runtime/-/runtime-7.29.7.tgz 513ms (cache miss)
224 http fetch GET 200 https://registry.npmjs.org/esbuild 183ms (cache miss)
225 silly packumentCache corgi:https://registry.npmjs.org/esbuild set size:undefined disposed:false
226 http fetch GET 200 https://registry.npmjs.org/astronomy-engine/-/astronomy-engine-2.1.19.tgz 579ms (cache miss)
227 http fetch GET 200 https://registry.npmjs.org/@takram/three-geospatial/-/three-geospatial-0.9.1.tgz 595ms (cache miss)
228 http fetch GET 200 https://registry.npmjs.org/vite 434ms (cache miss)
229 silly packumentCache corgi:https://registry.npmjs.org/vite set size:undefined disposed:false
230 http fetch GET 200 https://registry.npmjs.org/@react-three/fiber/-/fiber-9.6.1.tgz 930ms (cache miss)
231 http fetch GET 200 https://registry.npmjs.org/@takram/three-clouds/-/three-clouds-0.7.6.tgz 994ms (cache miss)
232 http fetch GET 200 https://registry.npmjs.org/@esbuild/darwin-arm64/-/darwin-arm64-0.21.5.tgz 1036ms (cache miss)
233 http fetch GET 200 https://registry.npmjs.org/three/-/three-0.180.0.tgz 1065ms (cache miss)
234 http fetch GET 200 https://registry.npmjs.org/@takram/three-atmosphere/-/three-atmosphere-0.19.1.tgz 1368ms (cache miss)
235 info run esbuild@0.21.5 postinstall node_modules/esbuild node install.js
236 info run esbuild@0.21.5 postinstall { code: 0, signal: null }
237 silly ADD node_modules/zustand
238 silly ADD node_modules/vite
239 silly ADD node_modules/use-sync-external-store
240 silly ADD node_modules/url-join
241 silly ADD node_modules/type-fest
242 silly ADD node_modules/tiny-invariant
243 silly ADD node_modules/three
244 silly ADD node_modules/tagged-tag
245 silly ADD node_modules/suspend-react
246 silly ADD node_modules/source-map-js
247 silly ADD node_modules/scheduler
248 silly ADD node_modules/rollup
249 silly ADD node_modules/react-use-measure
250 silly ADD node_modules/react-merge-refs
251 silly ADD node_modules/react
252 silly ADD node_modules/postprocessing
253 silly ADD node_modules/postcss
254 silly ADD node_modules/picocolors
255 silly ADD node_modules/nanoid
256 silly ADD node_modules/its-fine
257 silly ADD node_modules/ieee754
258 silly ADD node_modules/fsevents
259 silly ADD node_modules/esbuild
260 silly ADD node_modules/csstype
261 silly ADD node_modules/buffer
262 silly ADD node_modules/base64-js
263 silly ADD node_modules/astronomy-engine
264 silly ADD node_modules/@types/webxr
265 silly ADD node_modules/@types/react-reconciler
266 silly ADD node_modules/@types/react
267 silly ADD node_modules/@types/estree
268 silly ADD node_modules/@takram/three-clouds
269 silly ADD node_modules/@takram/three-atmosphere
270 silly ADD
271 silly ADD
272 silly ADD
273 silly ADD
274 silly ADD
275 silly ADD
276 silly ADD
277 silly ADD
278 silly ADD
279 silly ADD
280 silly ADD
281 silly ADD
282 silly ADD
283 silly ADD
284 silly ADD
285 silly ADD
286 silly ADD
287 silly ADD
288 silly ADD
289 silly ADD
290 silly ADD
291 silly ADD
292 silly ADD node_modules/@rollup/rollup-darwin-arm64
293 silly ADD
294 silly ADD
295 silly ADD node_modules/@react-three/fiber
296 silly ADD node_modules/@petamoriken/float16
297 silly ADD
298 silly ADD
299 silly ADD
300 silly ADD
301 silly ADD
302 silly ADD
303 silly ADD
304 silly ADD
305 silly ADD
306 silly ADD
307 silly ADD
308 silly ADD
309 silly ADD
310 silly ADD
311 silly ADD
312 silly ADD
313 silly ADD
314 silly ADD
315 silly ADD node_modules/@esbuild/darwin-arm64
316 silly ADD
317 silly ADD
318 silly ADD
319 silly ADD
320 silly ADD node_modules/@babel/runtime
321 silly CHANGE node_modules/@takram/three-geospatial
322 verbose cwd /Users/hugogarcia/Library/CloudStorage/OneDrive-AvansHogeschool/09_ORGANISMO/00_Website_Last_resorts/Cloud-Gardens
323 verbose os Darwin 25.2.0
324 verbose node v22.11.0
325 verbose npm  v10.9.1
326 notice
326 notice New major version of npm available! 10.9.1 -> 11.18.0
326 notice Changelog: https://github.com/npm/cli/releases/tag/v11.18.0
326 notice To update run: npm install -g npm@11.18.0
326 notice  { force: true, [Symbol(proc-log.meta)]: true }
327 verbose exit 0
328 info ok
